<?xml version="1.0" encoding="UTF-8"?>
<!-- Generated by org.testng.reporters.JUnitReportReporter -->
<testsuite hostname="DESKTOP-3EBFLNQ" failures="0" tests="3" name="TestCases.AssignmentTest" time="10.674" errors="0" timestamp="2025-09-12T23:32:05 IST" skipped="0">
  <testcase classname="TestCases.AssignmentTest" name="testScenario2" time="2.917"/>
  <testcase classname="TestCases.AssignmentTest" name="testScenario3" time="3.514"/>
  <testcase classname="TestCases.AssignmentTest" name="testScenario1" time="4.243"/>
</testsuite> <!-- TestCases.AssignmentTest -->
