<?xml version="1.0" encoding="UTF-8"?>
<!-- Generated by org.testng.reporters.JUnitReportReporter -->
<testsuite hostname="CKMAC286.local" failures="0" tests="6" name="TestCases.AssignmentTest" time="152.256" errors="0" timestamp="2025-09-12T15:47:03 IST" skipped="0">
  <testcase classname="TestCases.AssignmentTest" name="testScenario3" time="22.157"/>
  <testcase classname="TestCases.AssignmentTest" name="testScenario1" time="15.808"/>
  <testcase classname="TestCases.AssignmentTest" name="testScenario2" time="33.408"/>
  <testcase classname="TestCases.AssignmentTest" name="testScenario3" time="34.709"/>
  <testcase classname="TestCases.AssignmentTest" name="testScenario2" time="19.261"/>
  <testcase classname="TestCases.AssignmentTest" name="testScenario1" time="26.913"/>
</testsuite> <!-- TestCases.AssignmentTest -->
